#
# There is insufficient memory for the Java Runtime Environment to continue.
# Native memory allocation (mmap) failed to map 268435456 bytes for G1 virtual space
# Possible reasons:
#   The system is out of physical RAM or swap space
#   The process is running with CompressedOops enabled, and the Java Heap may be blocking the growth of the native heap
# Possible solutions:
#   Reduce memory load on the system
#   Increase physical memory or swap space
#   Check if swap backing store is full
#   Decrease Java heap size (-Xmx/-Xms)
#   Decrease number of Java threads
#   Decrease Java thread stack sizes (-Xss)
#   Set larger code cache with -XX:ReservedCodeCacheSize=
#   JVM is running with Zero Based Compressed Oops mode in which the Java heap is
#     placed in the first 32GB address space. The Java Heap base address is the
#     maximum limit for the native heap growth. Please use -XX:HeapBaseMinAddress
#     to set the Java Heap base and to place the Java Heap above 32GB virtual address.
# This output file may be truncated or incomplete.
#
#  Out of Memory Error (os_windows.cpp:3557), pid=20140, tid=7212
#
# JRE version:  (17.0.6+10) (build )
# Java VM: OpenJDK 64-Bit Server VM (17.0.6+10, mixed mode, sharing, tiered, compressed oops, compressed class ptrs, g1 gc, windows-amd64)
# Core dump will be written. Default location: D:\pooja\M2\New folder\New folder\HmStatus\hs_err_pid20140.mdmp
#

---------------  S U M M A R Y ------------

Command Line: -Dfile.encoding=UTF-8 -XX:+ShowCodeDetailsInExceptionMessages com.hmstatus.HmStatusApplication

Host: Intel Core Processor (Broadwell, IBRS), 6 cores, 15G,  Windows Server 2012 R2 , 64 bit Build 9600 (6.3.9600.20876)
Time: Fri May 12 10:32:30 2023 India Standard Time elapsed time: 0.193087 seconds (0d 0h 0m 0s)

---------------  T H R E A D  ---------------

Current thread (0x000000a4bfdaa000):  JavaThread "Unknown thread" [_thread_in_vm, id=7212, stack(0x000000a4bdd00000,0x000000a4bde00000)]

Stack: [0x000000a4bdd00000,0x000000a4bde00000]
Native frames: (J=compiled Java code, j=interpreted, Vv=VM code, C=native code)
V  [jvm.dll+0x67741a]
V  [jvm.dll+0x834434]
V  [jvm.dll+0x835bde]
V  [jvm.dll+0x836243]
V  [jvm.dll+0x2457b5]
V  [jvm.dll+0x674329]
V  [jvm.dll+0x6689da]
V  [jvm.dll+0x30489b]
V  [jvm.dll+0x30bd96]
V  [jvm.dll+0x35b57e]
V  [jvm.dll+0x35b7af]
V  [jvm.dll+0x2db778]
V  [jvm.dll+0x2dc6e4]
V  [jvm.dll+0x806131]
V  [jvm.dll+0x369331]
V  [jvm.dll+0x7e56ac]
V  [jvm.dll+0x3eb35f]
V  [jvm.dll+0x3ecea1]
C  [jli.dll+0x5267]
C  [ucrtbase.DLL+0x1c1ae]
C  [KERNEL32.DLL+0x13d2]
C  [ntdll.dll+0x15504]


---------------  P R O C E S S  ---------------

Threads class SMR info:
_java_thread_list=0x00007ffa477e5fd8, length=0, elements={
}

Java Threads: ( => current thread )

Other Threads:
  0x000000a4bfe18500 GCTaskThread "GC Thread#0" [stack: 0x000000a4dbd40000,0x000000a4dbe40000] [id=11236]
  0x000000a4bfe29440 ConcurrentGCThread "G1 Main Marker" [stack: 0x000000a4dbe40000,0x000000a4dbf40000] [id=7120]
  0x000000a4bfe2aa80 ConcurrentGCThread "G1 Conc#0" [stack: 0x000000a4dbf40000,0x000000a4dc040000] [id=16408]

[error occurred during error reporting (printing all threads), id 0xc0000005, EXCEPTION_ACCESS_VIOLATION (0xc0000005) at pc=0x00007ffa46fbc1e7]

VM state: not at safepoint (not fully initialized)

VM Mutex/Monitor currently owned by a thread:  ([mutex/lock_event])
[0x000000a4bfda7350] Heap_lock - owner thread: 0x000000a4bfdaa000

Heap address: 0x0000000700000000, size: 4096 MB, Compressed Oops mode: Zero based, Oop shift amount: 3

CDS archive(s) mapped at: [0x0000000000000000-0x0000000000000000-0x0000000000000000), size 0, SharedBaseAddress: 0x0000000800000000, ArchiveRelocationMode: 0.
Narrow klass base: 0x0000000000000000, Narrow klass shift: 0, Narrow klass range: 0x0

GC Precious Log:
<Empty>

Heap:
 garbage-first heap   total 0K, used 0K [0x0000000700000000, 0x0000000800000000)
  region size 2048K, 0 young (0K), 0 survivors (0K)

[error occurred during error reporting (printing heap information), id 0xc0000005, EXCEPTION_ACCESS_VIOLATION (0xc0000005) at pc=0x00007ffa473a06f9]

GC Heap History (0 events):
No events

Dll operation events (1 events):
Event: 0.178 Loaded shared library D:\pooja\M2\sts-4.17.2.RELEASE\plugins\org.eclipse.justj.openjdk.hotspot.jre.full.win32.x86_64_17.0.6.v20230125-1136\jre\bin\java.dll

Deoptimization events (0 events):
No events

Classes unloaded (0 events):
No events

Classes redefined (0 events):
No events

Internal exceptions (0 events):
No events

VM Operations (0 events):
No events

Events (0 events):
No events


Dynamic libraries:
0x00007ff7476e0000 - 0x00007ff7476ee000 	D:\pooja\M2\sts-4.17.2.RELEASE\plugins\org.eclipse.justj.openjdk.hotspot.jre.full.win32.x86_64_17.0.6.v20230125-1136\jre\bin\javaw.exe
0x00007ffa90950000 - 0x00007ffa90afd000 	C:\Windows\SYSTEM32\ntdll.dll
0x00007ffa90370000 - 0x00007ffa904af000 	C:\Windows\system32\KERNEL32.DLL
0x00007ffa8de60000 - 0x00007ffa8df74000 	C:\Windows\system32\KERNELBASE.dll
0x00007ffa72580000 - 0x00007ffa72597000 	D:\pooja\M2\sts-4.17.2.RELEASE\plugins\org.eclipse.justj.openjdk.hotspot.jre.full.win32.x86_64_17.0.6.v20230125-1136\jre\bin\jli.dll
0x00007ffa708e0000 - 0x00007ffa708f9000 	D:\pooja\M2\sts-4.17.2.RELEASE\plugins\org.eclipse.justj.openjdk.hotspot.jre.full.win32.x86_64_17.0.6.v20230125-1136\jre\bin\VCRUNTIME140.dll
0x00007ffa7dc70000 - 0x00007ffa7dc74000 	D:\pooja\M2\sts-4.17.2.RELEASE\plugins\org.eclipse.justj.openjdk.hotspot.jre.full.win32.x86_64_17.0.6.v20230125-1136\jre\bin\api-ms-win-crt-stdio-l1-1-0.dll
0x00007ffa6fc60000 - 0x00007ffa6fc64000 	D:\pooja\M2\sts-4.17.2.RELEASE\plugins\org.eclipse.justj.openjdk.hotspot.jre.full.win32.x86_64_17.0.6.v20230125-1136\jre\bin\api-ms-win-crt-runtime-l1-1-0.dll
0x00007ffa6fc50000 - 0x00007ffa6fc53000 	D:\pooja\M2\sts-4.17.2.RELEASE\plugins\org.eclipse.justj.openjdk.hotspot.jre.full.win32.x86_64_17.0.6.v20230125-1136\jre\bin\api-ms-win-crt-environment-l1-1-0.dll
0x00007ffa5bec0000 - 0x00007ffa5bec5000 	D:\pooja\M2\sts-4.17.2.RELEASE\plugins\org.eclipse.justj.openjdk.hotspot.jre.full.win32.x86_64_17.0.6.v20230125-1136\jre\bin\api-ms-win-crt-math-l1-1-0.dll
0x00007ffa5beb0000 - 0x00007ffa5beb3000 	D:\pooja\M2\sts-4.17.2.RELEASE\plugins\org.eclipse.justj.openjdk.hotspot.jre.full.win32.x86_64_17.0.6.v20230125-1136\jre\bin\api-ms-win-crt-locale-l1-1-0.dll
0x00007ffa5bc70000 - 0x00007ffa5bc73000 	D:\pooja\M2\sts-4.17.2.RELEASE\plugins\org.eclipse.justj.openjdk.hotspot.jre.full.win32.x86_64_17.0.6.v20230125-1136\jre\bin\api-ms-win-crt-heap-l1-1-0.dll
0x00007ffa8aa90000 - 0x00007ffa8ad0b000 	C:\Windows\WinSxS\amd64_microsoft.windows.common-controls_6595b64144ccf1df_6.0.9600.19394_none_62486577ecb635cf\COMCTL32.dll
0x00007ffa8e0c0000 - 0x00007ffa8e237000 	C:\Windows\system32\USER32.dll
0x00007ffa5bc60000 - 0x00007ffa5bc63000 	D:\pooja\M2\sts-4.17.2.RELEASE\plugins\org.eclipse.justj.openjdk.hotspot.jre.full.win32.x86_64_17.0.6.v20230125-1136\jre\bin\api-ms-win-crt-filesystem-l1-1-0.dll
0x00007ffa5bc40000 - 0x00007ffa5bc44000 	D:\pooja\M2\sts-4.17.2.RELEASE\plugins\org.eclipse.justj.openjdk.hotspot.jre.full.win32.x86_64_17.0.6.v20230125-1136\jre\bin\api-ms-win-crt-string-l1-1-0.dll
0x00007ffa5bc50000 - 0x00007ffa5bc54000 	D:\pooja\M2\sts-4.17.2.RELEASE\plugins\org.eclipse.justj.openjdk.hotspot.jre.full.win32.x86_64_17.0.6.v20230125-1136\jre\bin\api-ms-win-crt-convert-l1-1-0.dll
0x00007ffa907d0000 - 0x00007ffa9087a000 	C:\Windows\system32\msvcrt.dll
0x00007ffa8e570000 - 0x00007ffa8e6bf000 	C:\Windows\system32\GDI32.dll
0x00007ffa5bb30000 - 0x00007ffa5bc2a000 	D:\pooja\M2\sts-4.17.2.RELEASE\plugins\org.eclipse.justj.openjdk.hotspot.jre.full.win32.x86_64_17.0.6.v20230125-1136\jre\bin\ucrtbase.DLL
0x00007ffa8e080000 - 0x00007ffa8e0b6000 	C:\Windows\system32\IMM32.DLL
0x00007ffa8e820000 - 0x00007ffa8e971000 	C:\Windows\system32\MSCTF.dll
0x00007ffa5bc30000 - 0x00007ffa5bc3c000 	D:\pooja\M2\sts-4.17.2.RELEASE\plugins\org.eclipse.justj.openjdk.hotspot.jre.full.win32.x86_64_17.0.6.v20230125-1136\jre\bin\vcruntime140_1.dll
0x00007ffa5ada0000 - 0x00007ffa5ae31000 	D:\pooja\M2\sts-4.17.2.RELEASE\plugins\org.eclipse.justj.openjdk.hotspot.jre.full.win32.x86_64_17.0.6.v20230125-1136\jre\bin\msvcp140.dll
0x00007ffa5bb20000 - 0x00007ffa5bb23000 	D:\pooja\M2\sts-4.17.2.RELEASE\plugins\org.eclipse.justj.openjdk.hotspot.jre.full.win32.x86_64_17.0.6.v20230125-1136\jre\bin\api-ms-win-crt-time-l1-1-0.dll
0x00007ffa5bb10000 - 0x00007ffa5bb13000 	D:\pooja\M2\sts-4.17.2.RELEASE\plugins\org.eclipse.justj.openjdk.hotspot.jre.full.win32.x86_64_17.0.6.v20230125-1136\jre\bin\api-ms-win-crt-utility-l1-1-0.dll
0x00007ffa46cd0000 - 0x00007ffa47917000 	D:\pooja\M2\sts-4.17.2.RELEASE\plugins\org.eclipse.justj.openjdk.hotspot.jre.full.win32.x86_64_17.0.6.v20230125-1136\jre\bin\server\jvm.dll
0x00007ffa8dfd0000 - 0x00007ffa8e07d000 	C:\Windows\system32\ADVAPI32.dll
0x00007ffa83e50000 - 0x00007ffa83e59000 	C:\Windows\SYSTEM32\WSOCK32.dll
0x00007ffa87690000 - 0x00007ffa876b2000 	C:\Windows\SYSTEM32\WINMM.dll
0x00007ffa87160000 - 0x00007ffa8716a000 	C:\Windows\SYSTEM32\VERSION.dll
0x00007ffa8e6d0000 - 0x00007ffa8e72b000 	C:\Windows\SYSTEM32\sechost.dll
0x00007ffa904b0000 - 0x00007ffa905e6000 	C:\Windows\system32\RPCRT4.dll
0x00007ffa8e510000 - 0x00007ffa8e56a000 	C:\Windows\system32\WS2_32.dll
0x00007ffa874d0000 - 0x00007ffa874fa000 	C:\Windows\SYSTEM32\WINMMBASE.dll
0x00007ffa8ddd0000 - 0x00007ffa8ddfe000 	C:\Windows\system32\SspiCli.dll
0x00007ffa8ff10000 - 0x00007ffa8ff19000 	C:\Windows\system32\NSI.dll
0x00007ffa8df80000 - 0x00007ffa8dfcf000 	C:\Windows\SYSTEM32\cfgmgr32.dll
0x00007ffa8c880000 - 0x00007ffa8c8a8000 	C:\Windows\SYSTEM32\DEVOBJ.dll
0x00007ffa84840000 - 0x00007ffa8484a000 	D:\pooja\M2\sts-4.17.2.RELEASE\plugins\org.eclipse.justj.openjdk.hotspot.jre.full.win32.x86_64_17.0.6.v20230125-1136\jre\bin\jimage.dll
0x00007ffa87500000 - 0x00007ffa8768a000 	C:\Windows\SYSTEM32\DBGHELP.DLL
0x00007ffa7dd30000 - 0x00007ffa7dd55000 	D:\pooja\M2\sts-4.17.2.RELEASE\plugins\org.eclipse.justj.openjdk.hotspot.jre.full.win32.x86_64_17.0.6.v20230125-1136\jre\bin\java.dll

dbghelp: loaded successfully - version: 4.0.5 - missing functions: none
symbol engine: initialized successfully - sym options: 0x614 - pdb path: .;D:\pooja\M2\sts-4.17.2.RELEASE\plugins\org.eclipse.justj.openjdk.hotspot.jre.full.win32.x86_64_17.0.6.v20230125-1136\jre\bin;C:\Windows\SYSTEM32;C:\Windows\WinSxS\amd64_microsoft.windows.common-controls_6595b64144ccf1df_6.0.9600.19394_none_62486577ecb635cf;D:\pooja\M2\sts-4.17.2.RELEASE\plugins\org.eclipse.justj.openjdk.hotspot.jre.full.win32.x86_64_17.0.6.v20230125-1136\jre\bin\server

VM Arguments:
jvm_args: -Dfile.encoding=UTF-8 -XX:+ShowCodeDetailsInExceptionMessages 
java_command: com.hmstatus.HmStatusApplication
java_class_path (initial): D:\pooja\M2\New folder\New folder\HmStatus\target\classes;C:\Users\poojad.ttl\.m2\repository\org\springframework\boot\spring-boot-starter-data-jpa\2.7.8\spring-boot-starter-data-jpa-2.7.8.jar;C:\Users\poojad.ttl\.m2\repository\org\springframework\boot\spring-boot-starter-aop\2.7.8\spring-boot-starter-aop-2.7.8.jar;C:\Users\poojad.ttl\.m2\repository\org\springframework\spring-aop\5.3.25\spring-aop-5.3.25.jar;C:\Users\poojad.ttl\.m2\repository\org\aspectj\aspectjweaver\1.9.7\aspectjweaver-1.9.7.jar;C:\Users\poojad.ttl\.m2\repository\org\springframework\boot\spring-boot-starter-jdbc\2.7.8\spring-boot-starter-jdbc-2.7.8.jar;C:\Users\poojad.ttl\.m2\repository\com\zaxxer\HikariCP\4.0.3\HikariCP-4.0.3.jar;C:\Users\poojad.ttl\.m2\repository\org\springframework\spring-jdbc\5.3.25\spring-jdbc-5.3.25.jar;C:\Users\poojad.ttl\.m2\repository\jakarta\transaction\jakarta.transaction-api\1.3.3\jakarta.transaction-api-1.3.3.jar;C:\Users\poojad.ttl\.m2\repository\jakarta\persistence\jakarta.persistence-api\2.2.3\jakarta.persistence-api-2.2.3.jar;C:\Users\poojad.ttl\.m2\repository\org\hibernate\hibernate-core\5.6.14.Final\hibernate-core-5.6.14.Final.jar;C:\Users\poojad.ttl\.m2\repository\org\jboss\logging\jboss-logging\3.4.3.Final\jboss-logging-3.4.3.Final.jar;C:\Users\poojad.ttl\.m2\repository\net\bytebuddy\byte-buddy\1.12.22\byte-buddy-1.12.22.jar;C:\Users\poojad.ttl\.m2\repository\antlr\antlr\2.7.7\antlr-2.7.7.jar;C:\Users\poojad.ttl\.m2\repository\org\jboss\jandex\2.4.2.Final\jandex-2.4.2.Final.jar;C:\Users\poojad.ttl\.m2\repository\com\fasterxml\classmate\1.5.1\classmate-1.5.1.jar;C:\Users\poojad.ttl\.m2\repository\org\hibernate\common\hibernate-commons-annotations\5.1.2.Final\hibernate-commons-annotations-5.1.2.Final.jar;C:\Users\poojad.ttl\.m2\repository\org\glassfish\jaxb\jaxb-runtime\2.3.7\jaxb-runtime-2.3.7.jar;C:\Users\poojad.ttl\.m2\repository\org\glassfish\jaxb\txw2\2.3.7\txw2-2.3.7.jar;C:\Users\poojad.ttl\.m2\repository\com\sun\istack\istack-c
Launcher Type: SUN_STANDARD

[Global flags]
     intx CICompilerCount                          = 3                                         {product} {ergonomic}
     uint ConcGCThreads                            = 2                                         {product} {ergonomic}
     uint G1ConcRefinementThreads                  = 6                                         {product} {ergonomic}
   size_t G1HeapRegionSize                         = 2097152                                   {product} {ergonomic}
    uintx GCDrainStackTargetSize                   = 64                                        {product} {ergonomic}
   size_t InitialHeapSize                          = 268435456                                 {product} {ergonomic}
   size_t MarkStackSize                            = 4194304                                   {product} {ergonomic}
   size_t MaxHeapSize                              = 4294967296                                {product} {ergonomic}
   size_t MinHeapDeltaBytes                        = 2097152                                   {product} {ergonomic}
   size_t MinHeapSize                              = 8388608                                   {product} {ergonomic}
    uintx NonNMethodCodeHeapSize                   = 5832780                                {pd product} {ergonomic}
    uintx NonProfiledCodeHeapSize                  = 122912730                              {pd product} {ergonomic}
    uintx ProfiledCodeHeapSize                     = 122912730                              {pd product} {ergonomic}
    uintx ReservedCodeCacheSize                    = 251658240                              {pd product} {ergonomic}
     bool SegmentedCodeCache                       = true                                      {product} {ergonomic}
     bool ShowCodeDetailsInExceptionMessages       = true                                   {manageable} {command line}
   size_t SoftMaxHeapSize                          = 4294967296                             {manageable} {ergonomic}
     bool UseCompressedClassPointers               = true                           {product lp64_product} {ergonomic}
     bool UseCompressedOops                        = true                           {product lp64_product} {ergonomic}
     bool UseG1GC                                  = true                                      {product} {ergonomic}
     bool UseLargePagesIndividualAllocation        = false                                  {pd product} {ergonomic}

Logging:
Log output configuration:
 #0: stdout all=warning uptime,level,tags
 #1: stderr all=off uptime,level,tags

Environment Variables:
PATH=D:/pooja/M2/sts-4.17.2.RELEASE//plugins/org.eclipse.justj.openjdk.hotspot.jre.full.win32.x86_64_17.0.6.v20230125-1136/jre/bin/server;D:/pooja/M2/sts-4.17.2.RELEASE//plugins/org.eclipse.justj.openjdk.hotspot.jre.full.win32.x86_64_17.0.6.v20230125-1136/jre/bin;C:\Program Files\Common Files\Oracle\Java\javapath;C:\Program Files (x86)\Common Files\Oracle\Java\javapath;C:\Program Files\EMC NetWorker\nsr\bin;C:\Windows\system32;C:\Windows;C:\Windows\System32\Wbem;C:\Windows\System32\WindowsPowerShell\v1.0\;C:\Program Files\AzureConnectedMachineAgent\;C:\Program Files\nodejs\;D:\pm926680.ttl\Git\cmd;D:\pm926680.ttl\Git\bin;D:\pm926680.ttl\Git;D:\pooja\M2\sts-4.17.2.RELEASE;
USERNAME=POOJAD.TTL
OS=Windows_NT
PROCESSOR_IDENTIFIER=Intel64 Family 6 Model 61 Stepping 2, GenuineIntel
TMP=C:\Users\poojad.ttl\AppData\Local\Temp\79
TEMP=C:\Users\poojad.ttl\AppData\Local\Temp\79



---------------  S Y S T E M  ---------------

OS:
 Windows Server 2012 R2 , 64 bit Build 9600 (6.3.9600.20876)
OS uptime: 5 days 8:01 hours
KVM virtualization detected

CPU: total 6 (initial active 6) (1 cores per cpu, 1 threads per core) family 6 model 61 stepping 2 microcode 0x1, cx8, cmov, fxsr, mmx, 3dnowpref, sse, sse2, sse3, ssse3, sse4.1, sse4.2, popcnt, lzcnt, tsc, avx, avx2, aes, erms, clmul, bmi1, bmi2, rtm, adx, fma, vzeroupper, clflush, hv

Memory: 4k page, system-wide physical 16383M (404M free)
TotalPageFile size 18431M (AvailPageFile size 6M)
current process WorkingSet (physical memory assigned to process): 9M, peak: 9M
current process commit charge ("private bytes"): 56M, peak: 312M

vm_info: OpenJDK 64-Bit Server VM (17.0.6+10) for windows-amd64 JRE (17.0.6+10), built on Jan 18 2023 10:08:59 by "temurin" with MS VC++ 16.7 (VS2019)

END.
