#
# There is insufficient memory for the Java Runtime Environment to continue.
# Native memory allocation (malloc) failed to allocate 1265616 bytes for Chunk::new
# Possible reasons:
#   The system is out of physical RAM or swap space
#   The process is running with CompressedOops enabled, and the Java Heap may be blocking the growth of the native heap
# Possible solutions:
#   Reduce memory load on the system
#   Increase physical memory or swap space
#   Check if swap backing store is full
#   Decrease Java heap size (-Xmx/-Xms)
#   Decrease number of Java threads
#   Decrease Java thread stack sizes (-Xss)
#   Set larger code cache with -XX:ReservedCodeCacheSize=
#   JVM is running with Zero Based Compressed Oops mode in which the Java heap is
#     placed in the first 32GB address space. The Java Heap base address is the
#     maximum limit for the native heap growth. Please use -XX:HeapBaseMinAddress
#     to set the Java Heap base and to place the Java Heap above 32GB virtual address.
# This output file may be truncated or incomplete.
#
#  Out of Memory Error (arena.cpp:189), pid=6276, tid=17664
#
# JRE version: OpenJDK Runtime Environment Temurin-17.0.6+10 (17.0.6+10) (build 17.0.6+10)
# Java VM: OpenJDK 64-Bit Server VM Temurin-17.0.6+10 (17.0.6+10, mixed mode, tiered, compressed oops, compressed class ptrs, g1 gc, windows-amd64)
# Core dump will be written. Default location: D:\pooja\M2\New folder\New folder\HmStatus\hs_err_pid6276.mdmp
#

---------------  S U M M A R Y ------------

Command Line: -DServer.port=8088 -Dfile.encoding=UTF-8 -XX:+ShowCodeDetailsInExceptionMessages com.hmstatus.HmStatusApplication

Host: Intel Core Processor (Broadwell, IBRS), 6 cores, 15G,  Windows Server 2012 R2 , 64 bit Build 9600 (6.3.9600.20876)
Time: Tue May  9 14:39:19 2023 India Standard Time elapsed time: 4434.774658 seconds (0d 1h 13m 54s)

---------------  T H R E A D  ---------------

Current thread (0x000000bc1663c000):  JavaThread "C2 CompilerThread1" daemon [_thread_in_native, id=17664, stack(0x000000bc13ae0000,0x000000bc13be0000)]


Current CompileTask:
C2:4434774 7026   !   4       org.springframework.beans.factory.support.DefaultListableBeanFactory::doGetBeanNamesForType (528 bytes)

Stack: [0x000000bc13ae0000,0x000000bc13be0000]
Native frames: (J=compiled Java code, j=interpreted, Vv=VM code, C=native code)
V  [jvm.dll+0x67741a]
V  [jvm.dll+0x834434]
V  [jvm.dll+0x835bde]
V  [jvm.dll+0x836243]
V  [jvm.dll+0x2457b5]
V  [jvm.dll+0xabafc]
V  [jvm.dll+0xac0cc]
V  [jvm.dll+0x363492]
V  [jvm.dll+0x1bbb82]
V  [jvm.dll+0x218749]
V  [jvm.dll+0x217a11]
V  [jvm.dll+0x1a3d0d]
V  [jvm.dll+0x22742a]
V  [jvm.dll+0x225565]
V  [jvm.dll+0x7ea2cb]
V  [jvm.dll+0x7e483a]
V  [jvm.dll+0x6762c5]
C  [ucrtbase.DLL+0x1c1ae]
C  [KERNEL32.DLL+0x13d2]
C  [ntdll.dll+0x15504]


---------------  P R O C E S S  ---------------

Threads class SMR info:
_java_thread_list=0x000000bc192608f0, length=16, elements={
0x000000bc0fc873e0, 0x000000bc0fc88250, 0x000000bc0fc8a750, 0x000000bc0fc73c40,
0x000000bc0fcab510, 0x000000bc0fcaded0, 0x000000bc0fcaec60, 0x000000bc0fcaf700,
0x000000bc0fcb00f0, 0x000000bc0fdf30b0, 0x000000bc0fe022b0, 0x000000bc1a2c5010,
0x000000bc1866c790, 0x000000bc1866a5e0, 0x000000bc1866a110, 0x000000bc1663c000
}

Java Threads: ( => current thread )
  0x000000bc0fc873e0 JavaThread "Reference Handler" daemon [_thread_blocked, id=4348, stack(0x000000bc0f300000,0x000000bc0f400000)]
  0x000000bc0fc88250 JavaThread "Finalizer" daemon [_thread_blocked, id=11080, stack(0x000000bc10000000,0x000000bc10100000)]
  0x000000bc0fc8a750 JavaThread "Signal Dispatcher" daemon [_thread_blocked, id=15292, stack(0x000000bc101f0000,0x000000bc102f0000)]
  0x000000bc0fc73c40 JavaThread "Attach Listener" daemon [_thread_blocked, id=12132, stack(0x000000bc102f0000,0x000000bc103f0000)]
  0x000000bc0fcab510 JavaThread "Service Thread" daemon [_thread_blocked, id=6216, stack(0x000000bc103f0000,0x000000bc104f0000)]
  0x000000bc0fcaded0 JavaThread "Monitor Deflation Thread" daemon [_thread_blocked, id=8472, stack(0x000000bc104f0000,0x000000bc105f0000)]
  0x000000bc0fcaec60 JavaThread "C2 CompilerThread0" daemon [_thread_in_native, id=10580, stack(0x000000bc105f0000,0x000000bc106f0000)]
  0x000000bc0fcaf700 JavaThread "C1 CompilerThread0" daemon [_thread_blocked, id=12524, stack(0x000000bc106f0000,0x000000bc107f0000)]
  0x000000bc0fcb00f0 JavaThread "Sweeper thread" daemon [_thread_blocked, id=9424, stack(0x000000bc107f0000,0x000000bc108f0000)]
  0x000000bc0fdf30b0 JavaThread "Notification Thread" daemon [_thread_blocked, id=12552, stack(0x000000bc108f0000,0x000000bc109f0000)]
  0x000000bc0fe022b0 JavaThread "Common-Cleaner" daemon [_thread_blocked, id=9572, stack(0x000000bc10af0000,0x000000bc10bf0000)]
  0x000000bc1a2c5010 JavaThread "mysql-cj-abandoned-connection-cleanup" daemon [_thread_blocked, id=5252, stack(0x000000bc13de0000,0x000000bc13ee0000)]
  0x000000bc1866c790 JavaThread "DestroyJavaVM" [_thread_blocked, id=8448, stack(0x000000bc6fad0000,0x000000bc6fbd0000)]
  0x000000bc1866a5e0 JavaThread "Thread-9" [_thread_blocked, id=3288, stack(0x000000bc113f0000,0x000000bc114f0000)]
  0x000000bc1866a110 JavaThread "restartedMain" [_thread_in_native, id=11928, stack(0x000000bc129c0000,0x000000bc12ac0000)]
=>0x000000bc1663c000 JavaThread "C2 CompilerThread1" daemon [_thread_in_native, id=17664, stack(0x000000bc13ae0000,0x000000bc13be0000)]

Other Threads:
  0x000000bc0fc63d40 VMThread "VM Thread" [stack: 0x000000bc0f200000,0x000000bc0f300000] [id=14764]
  0x000000bc0fdf5590 WatcherThread [stack: 0x000000bc109f0000,0x000000bc10af0000] [id=12332]
  0x000000bc704a8130 GCTaskThread "GC Thread#0" [stack: 0x000000bc7d3d0000,0x000000bc7d4d0000] [id=5560]
  0x000000bc119c10c0 GCTaskThread "GC Thread#1" [stack: 0x000000bc12ac0000,0x000000bc12bc0000] [id=5184]
  0x000000bc119e5c40 GCTaskThread "GC Thread#2" [stack: 0x000000bc13400000,0x000000bc13500000] [id=9656]
  0x000000bc119e5ef0 GCTaskThread "GC Thread#3" [stack: 0x000000bc13500000,0x000000bc13600000] [id=5692]
  0x000000bc119e61a0 GCTaskThread "GC Thread#4" [stack: 0x000000bc13600000,0x000000bc13700000] [id=15048]
  0x000000bc119da680 GCTaskThread "GC Thread#5" [stack: 0x000000bc13700000,0x000000bc13800000] [id=10664]
  0x000000bc704b9070 ConcurrentGCThread "G1 Main Marker" [stack: 0x000000bc7d4d0000,0x000000bc7d5d0000] [id=6476]
  0x000000bc704b9a80 ConcurrentGCThread "G1 Conc#0" [stack: 0x000000bc7d5d0000,0x000000bc7d6d0000] [id=2940]
  0x000000bc11da6f80 ConcurrentGCThread "G1 Conc#1" [stack: 0x000000bc13ce0000,0x000000bc13de0000] [id=6008]
  0x000000bc7fcd6ae0 ConcurrentGCThread "G1 Refine#0" [stack: 0x000000bc0f000000,0x000000bc0f100000] [id=5308]
  0x000000bc7fcd8270 ConcurrentGCThread "G1 Service" [stack: 0x000000bc0f100000,0x000000bc0f200000] [id=4892]

Threads with active compile tasks:
C2 CompilerThread0  4435018 7008       4       org.springframework.boot.context.properties.source.SoftReferenceConfigurationPropertyCache::get (67 bytes)
C2 CompilerThread1  4435018 7026   !   4       org.springframework.beans.factory.support.DefaultListableBeanFactory::doGetBeanNamesForType (528 bytes)

VM state: not at safepoint (normal execution)

VM Mutex/Monitor currently owned by a thread: None

Heap address: 0x0000000700000000, size: 4096 MB, Compressed Oops mode: Zero based, Oop shift amount: 3

CDS archive(s) not mapped
Compressed class space mapped at: 0x0000000800000000-0x0000000840000000, reserved size: 1073741824
Narrow klass base: 0x0000000800000000, Narrow klass shift: 0, Narrow klass range: 0x40000000

GC Precious Log:
 CPUs: 6 total, 6 available
 Memory: 16383M
 Large Page Support: Disabled
 NUMA Support: Disabled
 Compressed Oops: Enabled (Zero based)
 Heap Region Size: 2M
 Heap Min Capacity: 8M
 Heap Initial Capacity: 256M
 Heap Max Capacity: 4G
 Pre-touch: Disabled
 Parallel Workers: 6
 Concurrent Workers: 2
 Concurrent Refinement Workers: 6
 Periodic GC: Disabled

Heap:
 garbage-first heap   total 75776K, used 42958K [0x0000000700000000, 0x0000000800000000)
  region size 2048K, 12 young (24576K), 0 survivors (0K)
 Metaspace       used 66083K, committed 66432K, reserved 1114112K
  class space    used 8326K, committed 8512K, reserved 1048576K

Heap Regions: E=young(eden), S=young(survivor), O=old, HS=humongous(starts), HC=humongous(continues), CS=collection set, F=free, OA=open archive, CA=closed archive, TAMS=top-at-mark-start (previous, next)
|   0|0x0000000700000000, 0x00000007001d7ee0, 0x0000000700200000| 92%| O|  |TAMS 0x0000000700000000, 0x0000000700000000| Untracked 
|   1|0x0000000700200000, 0x0000000700400000, 0x0000000700400000|100%| O|  |TAMS 0x0000000700400000, 0x0000000700200000| Untracked 
|   2|0x0000000700400000, 0x00000007005fffa8, 0x0000000700600000| 99%| O|  |TAMS 0x00000007005fffa8, 0x0000000700400000| Untracked 
|   3|0x0000000700600000, 0x0000000700800000, 0x0000000700800000|100%| O|  |TAMS 0x0000000700800000, 0x0000000700600000| Untracked 
|   4|0x0000000700800000, 0x00000007009fffe8, 0x0000000700a00000| 99%| O|  |TAMS 0x00000007009fffe8, 0x0000000700800000| Untracked 
|   5|0x0000000700a00000, 0x0000000700bffff8, 0x0000000700c00000| 99%| O|  |TAMS 0x0000000700a00000, 0x0000000700a00000| Untracked 
|   6|0x0000000700c00000, 0x0000000700dffff0, 0x0000000700e00000| 99%| O|  |TAMS 0x0000000700dffff0, 0x0000000700c00000| Untracked 
|   7|0x0000000700e00000, 0x0000000700ffffe8, 0x0000000701000000| 99%| O|  |TAMS 0x0000000700e00000, 0x0000000700e00000| Untracked 
|   8|0x0000000701000000, 0x0000000701200000, 0x0000000701200000|100%| O|  |TAMS 0x0000000701000000, 0x0000000701000000| Untracked 
|   9|0x0000000701200000, 0x00000007013fff80, 0x0000000701400000| 99%| O|  |TAMS 0x0000000701200000, 0x0000000701200000| Untracked 
|  10|0x0000000701400000, 0x000000070141bb70, 0x0000000701600000|  5%| O|  |TAMS 0x0000000701400000, 0x0000000701400000| Untracked 
|  11|0x0000000701600000, 0x0000000701600000, 0x0000000701800000|  0%| F|  |TAMS 0x0000000701600000, 0x0000000701600000| Untracked 
|  12|0x0000000701800000, 0x0000000701800000, 0x0000000701a00000|  0%| F|  |TAMS 0x0000000701800000, 0x0000000701800000| Untracked 
|  13|0x0000000701a00000, 0x0000000701a00000, 0x0000000701c00000|  0%| F|  |TAMS 0x0000000701a00000, 0x0000000701a00000| Untracked 
|  14|0x0000000701c00000, 0x0000000701c00000, 0x0000000701e00000|  0%| F|  |TAMS 0x0000000701c00000, 0x0000000701c00000| Untracked 
|  15|0x0000000701e00000, 0x0000000701e00000, 0x0000000702000000|  0%| F|  |TAMS 0x0000000701e00000, 0x0000000701e00000| Untracked 
|  16|0x0000000702000000, 0x0000000702000000, 0x0000000702200000|  0%| F|  |TAMS 0x0000000702000000, 0x0000000702000000| Untracked 
|  17|0x0000000702200000, 0x0000000702200000, 0x0000000702400000|  0%| F|  |TAMS 0x0000000702200000, 0x0000000702200000| Untracked 
|  18|0x0000000702400000, 0x0000000702400000, 0x0000000702600000|  0%| F|  |TAMS 0x0000000702400000, 0x0000000702400000| Untracked 
|  19|0x0000000702600000, 0x0000000702600000, 0x0000000702800000|  0%| F|  |TAMS 0x0000000702600000, 0x0000000702600000| Untracked 
|  20|0x0000000702800000, 0x0000000702800000, 0x0000000702a00000|  0%| F|  |TAMS 0x0000000702800000, 0x0000000702800000| Untracked 
|  21|0x0000000702a00000, 0x0000000702a00000, 0x0000000702c00000|  0%| F|  |TAMS 0x0000000702a00000, 0x0000000702a00000| Untracked 
|  22|0x0000000702c00000, 0x0000000702c00000, 0x0000000702e00000|  0%| F|  |TAMS 0x0000000702c00000, 0x0000000702c00000| Untracked 
|  23|0x0000000702e00000, 0x0000000702e00000, 0x0000000703000000|  0%| F|  |TAMS 0x0000000702e00000, 0x0000000702e00000| Untracked 
|  24|0x0000000703000000, 0x0000000703000000, 0x0000000703200000|  0%| F|  |TAMS 0x0000000703000000, 0x0000000703000000| Untracked 
|  25|0x0000000703200000, 0x000000070338f920, 0x0000000703400000| 78%| E|  |TAMS 0x0000000703200000, 0x0000000703200000| Complete 
|  26|0x0000000703400000, 0x0000000703600000, 0x0000000703600000|100%| E|CS|TAMS 0x0000000703400000, 0x0000000703400000| Complete 
|  27|0x0000000703600000, 0x0000000703800000, 0x0000000703800000|100%| E|CS|TAMS 0x0000000703600000, 0x0000000703600000| Complete 
|  28|0x0000000703800000, 0x0000000703a00000, 0x0000000703a00000|100%| E|CS|TAMS 0x0000000703800000, 0x0000000703800000| Complete 
|  29|0x0000000703a00000, 0x0000000703c00000, 0x0000000703c00000|100%| E|CS|TAMS 0x0000000703a00000, 0x0000000703a00000| Complete 
|  30|0x0000000703c00000, 0x0000000703e00000, 0x0000000703e00000|100%| E|CS|TAMS 0x0000000703c00000, 0x0000000703c00000| Complete 
|  31|0x0000000703e00000, 0x0000000704000000, 0x0000000704000000|100%| E|CS|TAMS 0x0000000703e00000, 0x0000000703e00000| Complete 
|  32|0x0000000704000000, 0x0000000704200000, 0x0000000704200000|100%| E|CS|TAMS 0x0000000704000000, 0x0000000704000000| Complete 
|  33|0x0000000704200000, 0x0000000704400000, 0x0000000704400000|100%| E|CS|TAMS 0x0000000704200000, 0x0000000704200000| Complete 
|  34|0x0000000704400000, 0x0000000704600000, 0x0000000704600000|100%| E|CS|TAMS 0x0000000704400000, 0x0000000704400000| Complete 
|  35|0x0000000704600000, 0x0000000704800000, 0x0000000704800000|100%| E|CS|TAMS 0x0000000704600000, 0x0000000704600000| Complete 
|  36|0x0000000704800000, 0x0000000704a00000, 0x0000000704a00000|100%| E|CS|TAMS 0x0000000704800000, 0x0000000704800000| Complete 

Card table byte_map: [0x000000bc743d0000,0x000000bc74bd0000] _byte_map_base: 0x000000bc70bd0000

Marking Bits (Prev, Next): (CMBitMap*) 0x000000bc704a8740, (CMBitMap*) 0x000000bc704a8780
 Prev Bits: [0x000000bc753d0000, 0x000000bc793d0000)
 Next Bits: [0x000000bc793d0000, 0x000000bc7d3d0000)

Polling page: 0x000000bc6e350000

Metaspace:

Usage:
  Non-class:     56.40 MB used.
      Class:      8.13 MB used.
       Both:     64.54 MB used.

Virtual space:
  Non-class space:       64.00 MB reserved,      56.56 MB ( 88%) committed,  8 nodes.
      Class space:        1.00 GB reserved,       8.31 MB ( <1%) committed,  1 nodes.
             Both:        1.06 GB reserved,      64.88 MB (  6%) committed. 

Chunk freelists:
   Non-Class:  3.26 MB
       Class:  3.74 MB
        Both:  7.00 MB

MaxMetaspaceSize: unlimited
CompressedClassSpaceSize: 1.00 GB
Initial GC threshold: 21.00 MB
Current GC threshold: 108.13 MB
CDS: off
MetaspaceReclaimPolicy: balanced
 - commit_granule_bytes: 65536.
 - commit_granule_words: 8192.
 - virtual_space_node_default_size: 1048576.
 - enlarge_chunks_in_place: 1.
 - new_chunks_are_fully_committed: 0.
 - uncommit_free_chunks: 1.
 - use_allocation_guard: 0.
 - handle_deallocations: 1.


Internal statistics:

num_allocs_failed_limit: 11.
num_arena_births: 460.
num_arena_deaths: 64.
num_vsnodes_births: 9.
num_vsnodes_deaths: 0.
num_space_committed: 1038.
num_space_uncommitted: 0.
num_chunks_returned_to_freelist: 85.
num_chunks_taken_from_freelist: 2623.
num_chunk_merges: 29.
num_chunk_splits: 1847.
num_chunks_enlarged: 1429.
num_purges: 6.
num_inconsistent_stats: 0.

CodeHeap 'non-profiled nmethods': size=120000Kb used=4920Kb max_used=4920Kb free=115079Kb
 bounds [0x000000bc07ad0000, 0x000000bc07fa0000, 0x000000bc0f000000]
CodeHeap 'profiled nmethods': size=120000Kb used=12157Kb max_used=12157Kb free=107842Kb
 bounds [0x000000bc00000000, 0x000000bc00be0000, 0x000000bc07530000]
CodeHeap 'non-nmethods': size=5760Kb used=1296Kb max_used=1377Kb free=4463Kb
 bounds [0x000000bc07530000, 0x000000bc077a0000, 0x000000bc07ad0000]
 total_blobs=6980 nmethods=6358 adapters=533
 compilation: enabled
              stopped_count=0, restarted_count=0
 full_count=0

Compilation events (20 events):
Event: 4434.548 Thread 0x000000bc0fcaf700 7059   !   2       org.springframework.boot.context.properties.PropertyMapper$NullPointerExceptionSafeSupplier::get (13 bytes)
Event: 4434.549 Thread 0x000000bc0fcaf700 nmethod 7059 0x000000bc00bdb810 code [0x000000bc00bdb9c0, 0x000000bc00bdbb48]
Event: 4434.549 Thread 0x000000bc0fcaf700 7058       2       org.springframework.aop.support.AopUtils::isAopProxy (38 bytes)
Event: 4434.555 Thread 0x000000bc0fcaf700 nmethod 7058 0x000000bc00bdbc10 code [0x000000bc00bdbe40, 0x000000bc00bdc488]
Event: 4434.659 Thread 0x000000bc0fcaf700 7060       3       org.springframework.boot.context.properties.source.ConfigurationPropertyName$ElementsParser::expand (19 bytes)
Event: 4434.659 Thread 0x000000bc0fcaf700 nmethod 7060 0x000000bc00bdc890 code [0x000000bc00bdca40, 0x000000bc00bdcc88]
Event: 4434.659 Thread 0x000000bc0fcaf700 7061       3       org.springframework.boot.context.properties.source.SpringConfigurationPropertySources::iterator (23 bytes)
Event: 4434.660 Thread 0x000000bc0fcaf700 nmethod 7061 0x000000bc00bdcd90 code [0x000000bc00bdcfe0, 0x000000bc00bdda38]
Event: 4434.689 Thread 0x000000bc0fcaf700 7062       2       java.lang.Integer::valueOf (10 bytes)
Event: 4434.690 Thread 0x000000bc0fcaf700 nmethod 7062 0x000000bc00bddd90 code [0x000000bc00bddf40, 0x000000bc00bde108]
Event: 4434.691 Thread 0x000000bc0fcaf700 7063       2       java.nio.charset.CharsetDecoder::decode (136 bytes)
Event: 4434.692 Thread 0x000000bc0fcaf700 nmethod 7063 0x000000bc00bde210 code [0x000000bc00bde420, 0x000000bc00bde918]
Event: 4434.692 Thread 0x000000bc0fcaf700 7064       2       java.nio.ByteBuffer::flip (5 bytes)
Event: 4434.692 Thread 0x000000bc0fcaf700 nmethod 7064 0x000000bc00bdec90 code [0x000000bc00bdee20, 0x000000bc00bdef48]
Event: 4434.692 Thread 0x000000bc0fcaf700 7065       2       java.nio.HeapCharBuffer::get (14 bytes)
Event: 4434.692 Thread 0x000000bc0fcaf700 nmethod 7065 0x000000bc00bdf010 code [0x000000bc00bdf1c0, 0x000000bc00bdf3e8]
Event: 4434.705 Thread 0x000000bc0fcaf700 7066       1       java.beans.PropertyChangeEvent::getOldValue (5 bytes)
Event: 4434.705 Thread 0x000000bc0fcaf700 nmethod 7066 0x000000bc07f9dc90 code [0x000000bc07f9de20, 0x000000bc07f9def8]
Event: 4434.705 Thread 0x000000bc0fcaf700 7067       1       java.beans.PropertyChangeEvent::getNewValue (5 bytes)
Event: 4434.705 Thread 0x000000bc0fcaf700 nmethod 7067 0x000000bc07f9df90 code [0x000000bc07f9e120, 0x000000bc07f9e1f8]

GC Heap History (20 events):
Event: 8.596 GC heap before
{Heap before GC invocations=15 (full 0):
 garbage-first heap   total 61440K, used 45411K [0x0000000700000000, 0x0000000800000000)
  region size 2048K, 14 young (28672K), 1 survivors (2048K)
 Metaspace       used 57268K, committed 57536K, reserved 1105920K
  class space    used 7366K, committed 7488K, reserved 1048576K
}
Event: 8.610 GC heap after
{Heap after GC invocations=16 (full 0):
 garbage-first heap   total 61440K, used 20990K [0x0000000700000000, 0x0000000800000000)
  region size 2048K, 2 young (4096K), 2 survivors (4096K)
 Metaspace       used 57268K, committed 57536K, reserved 1105920K
  class space    used 7366K, committed 7488K, reserved 1048576K
}
Event: 31.370 GC heap before
{Heap before GC invocations=16 (full 0):
 garbage-first heap   total 61440K, used 41470K [0x0000000700000000, 0x0000000800000000)
  region size 2048K, 13 young (26624K), 2 survivors (4096K)
 Metaspace       used 60299K, committed 60608K, reserved 1105920K
  class space    used 7751K, committed 7936K, reserved 1048576K
}
Event: 31.379 GC heap after
{Heap after GC invocations=17 (full 0):
 garbage-first heap   total 161792K, used 22972K [0x0000000700000000, 0x0000000800000000)
  region size 2048K, 2 young (4096K), 2 survivors (4096K)
 Metaspace       used 60299K, committed 60608K, reserved 1105920K
  class space    used 7751K, committed 7936K, reserved 1048576K
}
Event: 302.724 GC heap before
{Heap before GC invocations=18 (full 0):
 garbage-first heap   total 96256K, used 43452K [0x0000000700000000, 0x0000000800000000)
  region size 2048K, 13 young (26624K), 2 survivors (4096K)
 Metaspace       used 63850K, committed 64128K, reserved 1105920K
  class space    used 8196K, committed 8320K, reserved 1048576K
}
Event: 302.770 GC heap after
{Heap after GC invocations=19 (full 1):
 garbage-first heap   total 75776K, used 20244K [0x0000000700000000, 0x0000000800000000)
  region size 2048K, 0 young (0K), 0 survivors (0K)
 Metaspace       used 63850K, committed 64128K, reserved 1105920K
  class space    used 8196K, committed 8320K, reserved 1048576K
}
Event: 304.401 GC heap before
{Heap before GC invocations=19 (full 1):
 garbage-first heap   total 75776K, used 53012K [0x0000000700000000, 0x0000000800000000)
  region size 2048K, 17 young (34816K), 0 survivors (0K)
 Metaspace       used 64200K, committed 64576K, reserved 1105920K
  class space    used 8206K, committed 8384K, reserved 1048576K
}
Event: 304.407 GC heap after
{Heap after GC invocations=20 (full 1):
 garbage-first heap   total 75776K, used 23184K [0x0000000700000000, 0x0000000800000000)
  region size 2048K, 2 young (4096K), 2 survivors (4096K)
 Metaspace       used 64200K, committed 64576K, reserved 1105920K
  class space    used 8206K, committed 8384K, reserved 1048576K
}
Event: 393.408 GC heap before
{Heap before GC invocations=20 (full 1):
 garbage-first heap   total 75776K, used 43664K [0x0000000700000000, 0x0000000800000000)
  region size 2048K, 13 young (26624K), 2 survivors (4096K)
 Metaspace       used 64633K, committed 65024K, reserved 1105920K
  class space    used 8224K, committed 8384K, reserved 1048576K
}
Event: 393.499 GC heap after
{Heap after GC invocations=21 (full 2):
 garbage-first heap   total 75776K, used 20473K [0x0000000700000000, 0x0000000800000000)
  region size 2048K, 0 young (0K), 0 survivors (0K)
 Metaspace       used 64630K, committed 65024K, reserved 1105920K
  class space    used 8224K, committed 8384K, reserved 1048576K
}
Event: 393.991 GC heap before
{Heap before GC invocations=21 (full 2):
 garbage-first heap   total 75776K, used 55289K [0x0000000700000000, 0x0000000800000000)
  region size 2048K, 17 young (34816K), 0 survivors (0K)
 Metaspace       used 65021K, committed 65408K, reserved 1105920K
  class space    used 8236K, committed 8384K, reserved 1048576K
}
Event: 394.002 GC heap after
{Heap after GC invocations=22 (full 2):
 garbage-first heap   total 75776K, used 23302K [0x0000000700000000, 0x0000000800000000)
  region size 2048K, 2 young (4096K), 2 survivors (4096K)
 Metaspace       used 65021K, committed 65408K, reserved 1105920K
  class space    used 8236K, committed 8384K, reserved 1048576K
}
Event: 1012.149 GC heap before
{Heap before GC invocations=22 (full 2):
 garbage-first heap   total 75776K, used 56070K [0x0000000700000000, 0x0000000800000000)
  region size 2048K, 18 young (36864K), 2 survivors (4096K)
 Metaspace       used 65956K, committed 66368K, reserved 1114112K
  class space    used 8336K, committed 8512K, reserved 1048576K
}
Event: 1012.154 GC heap after
{Heap after GC invocations=23 (full 2):
 garbage-first heap   total 75776K, used 24839K [0x0000000700000000, 0x0000000800000000)
  region size 2048K, 3 young (6144K), 3 survivors (6144K)
 Metaspace       used 65956K, committed 66368K, reserved 1114112K
  class space    used 8336K, committed 8512K, reserved 1048576K
}
Event: 2640.029 GC heap before
{Heap before GC invocations=23 (full 2):
 garbage-first heap   total 75776K, used 55559K [0x0000000700000000, 0x0000000800000000)
  region size 2048K, 18 young (36864K), 3 survivors (6144K)
 Metaspace       used 66012K, committed 66432K, reserved 1114112K
  class space    used 8336K, committed 8512K, reserved 1048576K
}
Event: 2640.035 GC heap after
{Heap after GC invocations=24 (full 2):
 garbage-first heap   total 75776K, used 25059K [0x0000000700000000, 0x0000000800000000)
  region size 2048K, 2 young (4096K), 2 survivors (4096K)
 Metaspace       used 66012K, committed 66432K, reserved 1114112K
  class space    used 8336K, committed 8512K, reserved 1048576K
}
Event: 4264.222 GC heap before
{Heap before GC invocations=24 (full 2):
 garbage-first heap   total 75776K, used 55779K [0x0000000700000000, 0x0000000800000000)
  region size 2048K, 17 young (34816K), 2 survivors (4096K)
 Metaspace       used 66038K, committed 66432K, reserved 1114112K
  class space    used 8336K, committed 8512K, reserved 1048576K
}
Event: 4264.267 GC heap after
{Heap after GC invocations=25 (full 2):
 garbage-first heap   total 75776K, used 25205K [0x0000000700000000, 0x0000000800000000)
  region size 2048K, 2 young (4096K), 2 survivors (4096K)
 Metaspace       used 66038K, committed 66432K, reserved 1114112K
  class space    used 8336K, committed 8512K, reserved 1048576K
}
Event: 4431.428 GC heap before
{Heap before GC invocations=25 (full 2):
 garbage-first heap   total 75776K, used 29301K [0x0000000700000000, 0x0000000800000000)
  region size 2048K, 5 young (10240K), 2 survivors (4096K)
 Metaspace       used 66056K, committed 66432K, reserved 1114112K
  class space    used 8337K, committed 8512K, reserved 1048576K
}
Event: 4432.017 GC heap after
{Heap after GC invocations=26 (full 3):
 garbage-first heap   total 75776K, used 20430K [0x0000000700000000, 0x0000000800000000)
  region size 2048K, 0 young (0K), 0 survivors (0K)
 Metaspace       used 65990K, committed 66432K, reserved 1114112K
  class space    used 8321K, committed 8512K, reserved 1048576K
}

Dll operation events (9 events):
Event: 0.021 Loaded shared library D:\pooja\M2\sts-4.17.2.RELEASE\plugins\org.eclipse.justj.openjdk.hotspot.jre.full.win32.x86_64_17.0.6.v20230125-1136\jre\bin\java.dll
Event: 0.198 Loaded shared library D:\pooja\M2\sts-4.17.2.RELEASE\plugins\org.eclipse.justj.openjdk.hotspot.jre.full.win32.x86_64_17.0.6.v20230125-1136\jre\bin\net.dll
Event: 0.199 Loaded shared library D:\pooja\M2\sts-4.17.2.RELEASE\plugins\org.eclipse.justj.openjdk.hotspot.jre.full.win32.x86_64_17.0.6.v20230125-1136\jre\bin\nio.dll
Event: 0.206 Loaded shared library D:\pooja\M2\sts-4.17.2.RELEASE\plugins\org.eclipse.justj.openjdk.hotspot.jre.full.win32.x86_64_17.0.6.v20230125-1136\jre\bin\zip.dll
Event: 0.289 Loaded shared library D:\pooja\M2\sts-4.17.2.RELEASE\plugins\org.eclipse.justj.openjdk.hotspot.jre.full.win32.x86_64_17.0.6.v20230125-1136\jre\bin\verify.dll
Event: 0.296 Loaded shared library D:\pooja\M2\sts-4.17.2.RELEASE\plugins\org.eclipse.justj.openjdk.hotspot.jre.full.win32.x86_64_17.0.6.v20230125-1136\jre\bin\jimage.dll
Event: 0.793 Loaded shared library D:\pooja\M2\sts-4.17.2.RELEASE\plugins\org.eclipse.justj.openjdk.hotspot.jre.full.win32.x86_64_17.0.6.v20230125-1136\jre\bin\management.dll
Event: 0.795 Loaded shared library D:\pooja\M2\sts-4.17.2.RELEASE\plugins\org.eclipse.justj.openjdk.hotspot.jre.full.win32.x86_64_17.0.6.v20230125-1136\jre\bin\management_ext.dll
Event: 4.038 Loaded shared library D:\pooja\M2\sts-4.17.2.RELEASE\plugins\org.eclipse.justj.openjdk.hotspot.jre.full.win32.x86_64_17.0.6.v20230125-1136\jre\bin\sunmscapi.dll

Deoptimization events (20 events):
Event: 4433.765 Thread 0x000000bc1866a110 Uncommon trap: trap_request=0xffffffd6 fr.pc=0x000000bc07e50c84 relative=0x00000000000007c4
Event: 4433.765 Thread 0x000000bc1866a110 Uncommon trap: reason=array_check action=maybe_recompile pc=0x000000bc07e50c84 method=java.util.concurrent.ConcurrentHashMap$CollectionView.toArray([Ljava/lang/Object;)[Ljava/lang/Object; @ 158 c2
Event: 4433.765 Thread 0x000000bc1866a110 DEOPT PACKING pc=0x000000bc07e50c84 sp=0x000000bc12abd1c0
Event: 4433.765 Thread 0x000000bc1866a110 DEOPT UNPACKING pc=0x000000bc075869a3 sp=0x000000bc12abd150 mode 2
Event: 4433.972 Thread 0x000000bc1866a110 DEOPT PACKING pc=0x000000bc00447108 sp=0x000000bc12abd600
Event: 4433.972 Thread 0x000000bc1866a110 DEOPT UNPACKING pc=0x000000bc07587143 sp=0x000000bc12abcae0 mode 0
Event: 4433.990 Thread 0x000000bc1866a110 DEOPT PACKING pc=0x000000bc0062e160 sp=0x000000bc12abdd40
Event: 4433.990 Thread 0x000000bc1866a110 DEOPT UNPACKING pc=0x000000bc07587143 sp=0x000000bc12abd2a0 mode 0
Event: 4434.007 Thread 0x000000bc1866a110 Uncommon trap: trap_request=0xffffff76 fr.pc=0x000000bc07f9d434 relative=0x0000000000000214
Event: 4434.007 Thread 0x000000bc1866a110 Uncommon trap: reason=predicate action=maybe_recompile pc=0x000000bc07f9d434 method=java.util.HashMap.keysToArray([Ljava/lang/Object;)[Ljava/lang/Object; @ 48 c2
Event: 4434.007 Thread 0x000000bc1866a110 DEOPT PACKING pc=0x000000bc07f9d434 sp=0x000000bc12abd860
Event: 4434.007 Thread 0x000000bc1866a110 DEOPT UNPACKING pc=0x000000bc075869a3 sp=0x000000bc12abd7f8 mode 2
Event: 4434.066 Thread 0x000000bc1866a110 Uncommon trap: trap_request=0xffffffde fr.pc=0x000000bc07d8487c relative=0x0000000000000a7c
Event: 4434.066 Thread 0x000000bc1866a110 Uncommon trap: reason=class_check action=maybe_recompile pc=0x000000bc07d8487c method=org.springframework.util.ConcurrentReferenceHashMap$ReferenceManager.pollForPurge()Lorg/springframework/util/ConcurrentReferenceHashMap$Reference; @ 7 c2
Event: 4434.066 Thread 0x000000bc1866a110 DEOPT PACKING pc=0x000000bc07d8487c sp=0x000000bc12abd950
Event: 4434.066 Thread 0x000000bc1866a110 DEOPT UNPACKING pc=0x000000bc075869a3 sp=0x000000bc12abd7b0 mode 2
Event: 4434.412 Thread 0x000000bc1866a110 DEOPT PACKING pc=0x000000bc0062e160 sp=0x000000bc12abe0c0
Event: 4434.412 Thread 0x000000bc1866a110 DEOPT UNPACKING pc=0x000000bc07587143 sp=0x000000bc12abd620 mode 0
Event: 4434.657 Thread 0x000000bc1866a110 DEOPT PACKING pc=0x000000bc0062e160 sp=0x000000bc12aba4d0
Event: 4434.657 Thread 0x000000bc1866a110 DEOPT UNPACKING pc=0x000000bc07587143 sp=0x000000bc12ab9a30 mode 0

Classes unloaded (20 events):
Event: 4431.504 Thread 0x000000bc0fc63d40 Unloading class 0x00000008006a0800 'java/lang/invoke/LambdaForm$DMH+0x00000008006a0800'
Event: 4431.504 Thread 0x000000bc0fc63d40 Unloading class 0x00000008003b4800 'java/lang/invoke/LambdaForm$DMH+0x00000008003b4800'
Event: 4431.504 Thread 0x000000bc0fc63d40 Unloading class 0x00000008003b4000 'java/lang/invoke/LambdaForm$DMH+0x00000008003b4000'
Event: 4431.504 Thread 0x000000bc0fc63d40 Unloading class 0x000000080038ec00 'java/lang/invoke/LambdaForm$MH+0x000000080038ec00'
Event: 4431.504 Thread 0x000000bc0fc63d40 Unloading class 0x000000080038e000 'java/lang/invoke/LambdaForm$MH+0x000000080038e000'
Event: 4431.504 Thread 0x000000bc0fc63d40 Unloading class 0x0000000800284400 'java/lang/invoke/LambdaForm$DMH+0x0000000800284400'
Event: 4431.504 Thread 0x000000bc0fc63d40 Unloading class 0x00000008001d2400 'java/lang/invoke/LambdaForm$MH+0x00000008001d2400'
Event: 4431.504 Thread 0x000000bc0fc63d40 Unloading class 0x00000008001d2000 'java/lang/invoke/LambdaForm$MH+0x00000008001d2000'
Event: 4431.504 Thread 0x000000bc0fc63d40 Unloading class 0x00000008001d1c00 'java/lang/invoke/LambdaForm$MH+0x00000008001d1c00'
Event: 4431.504 Thread 0x000000bc0fc63d40 Unloading class 0x00000008001d1800 'java/lang/invoke/LambdaForm$MH+0x00000008001d1800'
Event: 4431.504 Thread 0x000000bc0fc63d40 Unloading class 0x00000008001d1000 'java/lang/invoke/LambdaForm$MH+0x00000008001d1000'
Event: 4431.504 Thread 0x000000bc0fc63d40 Unloading class 0x00000008001d0c00 'java/lang/invoke/LambdaForm$MH+0x00000008001d0c00'
Event: 4431.504 Thread 0x000000bc0fc63d40 Unloading class 0x00000008001d0800 'java/lang/invoke/LambdaForm$MH+0x00000008001d0800'
Event: 4431.504 Thread 0x000000bc0fc63d40 Unloading class 0x00000008001d0400 'java/lang/invoke/LambdaForm$MH+0x00000008001d0400'
Event: 4431.505 Thread 0x000000bc0fc63d40 Unloading class 0x00000008001a9800 'java/lang/invoke/LambdaForm$MH+0x00000008001a9800'
Event: 4431.505 Thread 0x000000bc0fc63d40 Unloading class 0x00000008001a9000 'java/lang/invoke/LambdaForm$MH+0x00000008001a9000'
Event: 4431.505 Thread 0x000000bc0fc63d40 Unloading class 0x00000008001a8c00 'java/lang/invoke/LambdaForm$MH+0x00000008001a8c00'
Event: 4431.505 Thread 0x000000bc0fc63d40 Unloading class 0x00000008001a8800 'java/lang/invoke/LambdaForm$MH+0x00000008001a8800'
Event: 4431.505 Thread 0x000000bc0fc63d40 Unloading class 0x00000008001a8000 'java/lang/invoke/LambdaForm$MH+0x00000008001a8000'
Event: 4431.505 Thread 0x000000bc0fc63d40 Unloading class 0x00000008001a1800 'java/lang/invoke/LambdaForm$MH+0x00000008001a1800'

Classes redefined (0 events):
No events

Internal exceptions (20 events):
Event: 393.865 Thread 0x000000bc18669c40 Exception <a 'sun/nio/fs/WindowsException'{0x00000007031184a0}> (0x00000007031184a0) 
thrown [s\src\hotspot\share\prims\jni.cpp, line 516]
Event: 393.865 Thread 0x000000bc18669c40 Exception <a 'sun/nio/fs/WindowsException'{0x0000000703118b70}> (0x0000000703118b70) 
thrown [s\src\hotspot\share\prims\jni.cpp, line 516]
Event: 393.865 Thread 0x000000bc18669c40 Exception <a 'sun/nio/fs/WindowsException'{0x00000007031192a8}> (0x00000007031192a8) 
thrown [s\src\hotspot\share\prims\jni.cpp, line 516]
Event: 393.874 Thread 0x000000bc18669c40 Exception <a 'java/io/FileNotFoundException'{0x0000000703150548}> (0x0000000703150548) 
thrown [s\src\hotspot\share\prims\jni.cpp, line 516]
Event: 393.890 Thread 0x000000bc18669c40 Exception <a 'java/io/FileNotFoundException'{0x0000000702ea43f8}> (0x0000000702ea43f8) 
thrown [s\src\hotspot\share\prims\jni.cpp, line 516]
Event: 394.014 Thread 0x000000bc18669c40 Exception <a 'java/lang/ClassNotFoundException'{0x0000000704957f18}: java/lang/ObjectCustomizer> (0x0000000704957f18) 
thrown [s\src\hotspot\share\classfile\systemDictionary.cpp, line 256]
Event: 394.015 Thread 0x000000bc18669c40 Exception <a 'java/lang/ClassNotFoundException'{0x0000000704961970}: com/hmstatus/model/HmStatusCustomizer> (0x0000000704961970) 
thrown [s\src\hotspot\share\classfile\systemDictionary.cpp, line 256]
Event: 394.042 Thread 0x000000bc18669c40 Exception <a 'java/lang/reflect/InvocationTargetException'{0x00000007045cbc20}> (0x00000007045cbc20) 
thrown [s\src\hotspot\share\runtime\reflection.cpp, line 1121]
Event: 394.043 Thread 0x000000bc18669c40 Exception <a 'java/lang/reflect/InvocationTargetException'{0x00000007045d9858}> (0x00000007045d9858) 
thrown [s\src\hotspot\share\runtime\reflection.cpp, line 1121]
Event: 394.238 Thread 0x000000bc18669c40 Exception <a 'java/net/BindException'{0x0000000703bf5238}: Address already in use: bind> (0x0000000703bf5238) 
thrown [s\src\hotspot\share\prims\jni.cpp, line 535]
Event: 394.238 Thread 0x000000bc18669c40 Exception <a 'java/net/SocketException'{0x0000000703bf5818}: Socket is not connected: shutdown> (0x0000000703bf5818) 
thrown [s\src\hotspot\share\prims\jni.cpp, line 535]
Event: 4431.247 Thread 0x000000bc1866a110 Implicit null exception at 0x000000bc07f55a62 to 0x000000bc07f583b0
Event: 4431.343 Thread 0x000000bc18668dd0 Exception <a 'java/lang/InterruptedException'{0x00000007047e4fd8}: sleep interrupted> (0x00000007047e4fd8) 
thrown [s\src\hotspot\share\prims\jvm.cpp, line 3070]
Event: 4432.310 Thread 0x000000bc1866a110 Exception <a 'sun/nio/fs/WindowsException'{0x000000070488e638}> (0x000000070488e638) 
thrown [s\src\hotspot\share\prims\jni.cpp, line 516]
Event: 4434.135 Thread 0x000000bc1866a110 Exception <a 'java/lang/NoClassDefFoundError'{0x00000007037d5988}: org/flywaydb/core/Flyway> (0x00000007037d5988) 
thrown [s\src\hotspot\share\oops\constantPool.cpp, line 835]
Event: 4434.135 Thread 0x000000bc1866a110 Exception <a 'java/lang/NoClassDefFoundError'{0x00000007037d5fd8}: liquibase/integration/spring/SpringLiquibase> (0x00000007037d5fd8) 
thrown [s\src\hotspot\share\oops\constantPool.cpp, line 835]
Event: 4434.146 Thread 0x000000bc1866a110 Exception <a 'java/lang/NoClassDefFoundError'{0x000000070341b6f8}: org/jooq/DSLContext> (0x000000070341b6f8) 
thrown [s\src\hotspot\share\oops\constantPool.cpp, line 835]
Event: 4434.490 Thread 0x000000bc1866a110 Exception <a 'java/lang/NoClassDefFoundError'{0x0000000703421b28}: org/springframework/batch/core/repository/JobRepository> (0x0000000703421b28) 
thrown [s\src\hotspot\share\oops\constantPool.cpp, line 835]
Event: 4434.490 Thread 0x000000bc1866a110 Exception <a 'java/lang/NoClassDefFoundError'{0x0000000703422170}: org/quartz/Scheduler> (0x0000000703422170) 
thrown [s\src\hotspot\share\oops\constantPool.cpp, line 835]
Event: 4434.490 Thread 0x000000bc1866a110 Exception <a 'java/lang/NoClassDefFoundError'{0x00000007034227e0}: org/springframework/session/jdbc/JdbcIndexedSessionRepository> (0x00000007034227e0) 
thrown [s\src\hotspot\share\oops\constantPool.cpp, line 835]

VM Operations (20 events):
Event: 3962.794 Executing VM operation: Cleanup
Event: 3962.878 Executing VM operation: Cleanup done
Event: 3965.879 Executing VM operation: Cleanup
Event: 3965.883 Executing VM operation: Cleanup done
Event: 3982.132 Executing VM operation: Cleanup
Event: 3982.132 Executing VM operation: Cleanup done
Event: 4114.919 Executing VM operation: Cleanup
Event: 4114.919 Executing VM operation: Cleanup done
Event: 4147.995 Executing VM operation: Cleanup
Event: 4147.996 Executing VM operation: Cleanup done
Event: 4187.095 Executing VM operation: Cleanup
Event: 4187.095 Executing VM operation: Cleanup done
Event: 4264.222 Executing VM operation: G1CollectForAllocation
Event: 4264.267 Executing VM operation: G1CollectForAllocation done
Event: 4431.426 Executing VM operation: G1CollectFull
Event: 4432.086 Executing VM operation: G1CollectFull done
Event: 4433.098 Executing VM operation: Cleanup
Event: 4433.254 Executing VM operation: Cleanup done
Event: 4434.255 Executing VM operation: Cleanup
Event: 4434.489 Executing VM operation: Cleanup done

Events (20 events):
Event: 4431.229 Thread 0x000000bc1866b450 Thread exited: 0x000000bc1866b450
Event: 4431.229 Thread 0x000000bc18670620 Thread exited: 0x000000bc18670620
Event: 4431.234 Thread 0x000000bc1866f2e0 Thread exited: 0x000000bc1866f2e0
Event: 4431.244 Thread 0x000000bc18670150 Thread exited: 0x000000bc18670150
Event: 4431.263 Thread 0x000000bc1866d600 Thread exited: 0x000000bc1866d600
Event: 4431.263 Thread 0x000000bc1866aab0 Thread exited: 0x000000bc1866aab0
Event: 4431.344 Thread 0x000000bc18668dd0 Thread exited: 0x000000bc18668dd0
Event: 4431.347 Thread 0x000000bc1866a110 Thread exited: 0x000000bc1866a110
Event: 4431.348 Thread 0x000000bc1866af80 Thread exited: 0x000000bc1866af80
Event: 4431.395 Thread 0x000000bc18669c40 Thread added: 0x000000bc18669c40
Event: 4431.395 Thread 0x000000bc1866b920 Thread exited: 0x000000bc1866b920
Event: 4431.419 Thread 0x000000bc18669c40 Thread exited: 0x000000bc18669c40
Event: 4432.087 Thread 0x000000bc1866b920 Thread added: 0x000000bc1866b920
Event: 4432.088 Thread 0x000000bc1866b920 Thread exited: 0x000000bc1866b920
Event: 4432.092 Thread 0x000000bc1866a110 Thread added: 0x000000bc1866a110
Event: 4432.314 Thread 0x000000bc1663c000 Thread added: 0x000000bc1663c000
Event: 4432.688 Thread 0x000000bc1663c000 Thread exited: 0x000000bc1663c000
Event: 4433.048 Thread 0x000000bc1866b920 Thread added: 0x000000bc1866b920
Event: 4433.232 Thread 0x000000bc1866b920 Thread exited: 0x000000bc1866b920
Event: 4433.797 Thread 0x000000bc1663c000 Thread added: 0x000000bc1663c000


Dynamic libraries:
0x00007ff6b6c40000 - 0x00007ff6b6c4e000 	D:\pooja\M2\sts-4.17.2.RELEASE\plugins\org.eclipse.justj.openjdk.hotspot.jre.full.win32.x86_64_17.0.6.v20230125-1136\jre\bin\javaw.exe
0x00007ffa90950000 - 0x00007ffa90afd000 	C:\Windows\SYSTEM32\ntdll.dll
0x00007ffa90370000 - 0x00007ffa904af000 	C:\Windows\system32\KERNEL32.DLL
0x00007ffa8de60000 - 0x00007ffa8df74000 	C:\Windows\system32\KERNELBASE.dll
0x00007ffa84840000 - 0x00007ffa84857000 	D:\pooja\M2\sts-4.17.2.RELEASE\plugins\org.eclipse.justj.openjdk.hotspot.jre.full.win32.x86_64_17.0.6.v20230125-1136\jre\bin\jli.dll
0x00007ffa82850000 - 0x00007ffa82869000 	D:\pooja\M2\sts-4.17.2.RELEASE\plugins\org.eclipse.justj.openjdk.hotspot.jre.full.win32.x86_64_17.0.6.v20230125-1136\jre\bin\VCRUNTIME140.dll
0x00007ffa82840000 - 0x00007ffa82844000 	D:\pooja\M2\sts-4.17.2.RELEASE\plugins\org.eclipse.justj.openjdk.hotspot.jre.full.win32.x86_64_17.0.6.v20230125-1136\jre\bin\api-ms-win-crt-stdio-l1-1-0.dll
0x00007ffa7c220000 - 0x00007ffa7c224000 	D:\pooja\M2\sts-4.17.2.RELEASE\plugins\org.eclipse.justj.openjdk.hotspot.jre.full.win32.x86_64_17.0.6.v20230125-1136\jre\bin\api-ms-win-crt-runtime-l1-1-0.dll
0x00007ffa7c210000 - 0x00007ffa7c213000 	D:\pooja\M2\sts-4.17.2.RELEASE\plugins\org.eclipse.justj.openjdk.hotspot.jre.full.win32.x86_64_17.0.6.v20230125-1136\jre\bin\api-ms-win-crt-environment-l1-1-0.dll
0x00007ffa7c200000 - 0x00007ffa7c205000 	D:\pooja\M2\sts-4.17.2.RELEASE\plugins\org.eclipse.justj.openjdk.hotspot.jre.full.win32.x86_64_17.0.6.v20230125-1136\jre\bin\api-ms-win-crt-math-l1-1-0.dll
0x00007ffa7c1f0000 - 0x00007ffa7c1f3000 	D:\pooja\M2\sts-4.17.2.RELEASE\plugins\org.eclipse.justj.openjdk.hotspot.jre.full.win32.x86_64_17.0.6.v20230125-1136\jre\bin\api-ms-win-crt-locale-l1-1-0.dll
0x00007ffa7c1e0000 - 0x00007ffa7c1e3000 	D:\pooja\M2\sts-4.17.2.RELEASE\plugins\org.eclipse.justj.openjdk.hotspot.jre.full.win32.x86_64_17.0.6.v20230125-1136\jre\bin\api-ms-win-crt-heap-l1-1-0.dll
0x00007ffa8aa90000 - 0x00007ffa8ad0b000 	C:\Windows\WinSxS\amd64_microsoft.windows.common-controls_6595b64144ccf1df_6.0.9600.19394_none_62486577ecb635cf\COMCTL32.dll
0x00007ffa8e0c0000 - 0x00007ffa8e237000 	C:\Windows\system32\USER32.dll
0x00007ffa79430000 - 0x00007ffa79433000 	D:\pooja\M2\sts-4.17.2.RELEASE\plugins\org.eclipse.justj.openjdk.hotspot.jre.full.win32.x86_64_17.0.6.v20230125-1136\jre\bin\api-ms-win-crt-filesystem-l1-1-0.dll
0x00007ffa79420000 - 0x00007ffa79424000 	D:\pooja\M2\sts-4.17.2.RELEASE\plugins\org.eclipse.justj.openjdk.hotspot.jre.full.win32.x86_64_17.0.6.v20230125-1136\jre\bin\api-ms-win-crt-string-l1-1-0.dll
0x00007ffa742d0000 - 0x00007ffa742d4000 	D:\pooja\M2\sts-4.17.2.RELEASE\plugins\org.eclipse.justj.openjdk.hotspot.jre.full.win32.x86_64_17.0.6.v20230125-1136\jre\bin\api-ms-win-crt-convert-l1-1-0.dll
0x00007ffa907d0000 - 0x00007ffa9087a000 	C:\Windows\system32\msvcrt.dll
0x00007ffa8e570000 - 0x00007ffa8e6bf000 	C:\Windows\system32\GDI32.dll
0x00007ffa73b20000 - 0x00007ffa73c1a000 	D:\pooja\M2\sts-4.17.2.RELEASE\plugins\org.eclipse.justj.openjdk.hotspot.jre.full.win32.x86_64_17.0.6.v20230125-1136\jre\bin\ucrtbase.DLL
0x00007ffa8e080000 - 0x00007ffa8e0b6000 	C:\Windows\system32\IMM32.DLL
0x00007ffa8e820000 - 0x00007ffa8e971000 	C:\Windows\system32\MSCTF.dll
0x00007ffa742c0000 - 0x00007ffa742cc000 	D:\pooja\M2\sts-4.17.2.RELEASE\plugins\org.eclipse.justj.openjdk.hotspot.jre.full.win32.x86_64_17.0.6.v20230125-1136\jre\bin\vcruntime140_1.dll
0x00007ffa73a80000 - 0x00007ffa73b11000 	D:\pooja\M2\sts-4.17.2.RELEASE\plugins\org.eclipse.justj.openjdk.hotspot.jre.full.win32.x86_64_17.0.6.v20230125-1136\jre\bin\msvcp140.dll
0x00007ffa742b0000 - 0x00007ffa742b3000 	D:\pooja\M2\sts-4.17.2.RELEASE\plugins\org.eclipse.justj.openjdk.hotspot.jre.full.win32.x86_64_17.0.6.v20230125-1136\jre\bin\api-ms-win-crt-time-l1-1-0.dll
0x00007ffa742a0000 - 0x00007ffa742a3000 	D:\pooja\M2\sts-4.17.2.RELEASE\plugins\org.eclipse.justj.openjdk.hotspot.jre.full.win32.x86_64_17.0.6.v20230125-1136\jre\bin\api-ms-win-crt-utility-l1-1-0.dll
0x00007ffa56fd0000 - 0x00007ffa57c17000 	D:\pooja\M2\sts-4.17.2.RELEASE\plugins\org.eclipse.justj.openjdk.hotspot.jre.full.win32.x86_64_17.0.6.v20230125-1136\jre\bin\server\jvm.dll
0x00007ffa8dfd0000 - 0x00007ffa8e07d000 	C:\Windows\system32\ADVAPI32.dll
0x00007ffa89da0000 - 0x00007ffa89da9000 	C:\Windows\SYSTEM32\WSOCK32.dll
0x00007ffa87690000 - 0x00007ffa876b2000 	C:\Windows\SYSTEM32\WINMM.dll
0x00007ffa87160000 - 0x00007ffa8716a000 	C:\Windows\SYSTEM32\VERSION.dll
0x00007ffa8e6d0000 - 0x00007ffa8e72b000 	C:\Windows\SYSTEM32\sechost.dll
0x00007ffa904b0000 - 0x00007ffa905e6000 	C:\Windows\system32\RPCRT4.dll
0x00007ffa8e510000 - 0x00007ffa8e56a000 	C:\Windows\system32\WS2_32.dll
0x00007ffa874d0000 - 0x00007ffa874fa000 	C:\Windows\SYSTEM32\WINMMBASE.dll
0x00007ffa8ddd0000 - 0x00007ffa8ddfe000 	C:\Windows\system32\SspiCli.dll
0x00007ffa8ff10000 - 0x00007ffa8ff19000 	C:\Windows\system32\NSI.dll
0x00007ffa8df80000 - 0x00007ffa8dfcf000 	C:\Windows\SYSTEM32\cfgmgr32.dll
0x00007ffa8c880000 - 0x00007ffa8c8a8000 	C:\Windows\SYSTEM32\DEVOBJ.dll
0x00007ffa87080000 - 0x00007ffa8708a000 	D:\pooja\M2\sts-4.17.2.RELEASE\plugins\org.eclipse.justj.openjdk.hotspot.jre.full.win32.x86_64_17.0.6.v20230125-1136\jre\bin\jimage.dll
0x00007ffa87500000 - 0x00007ffa8768a000 	C:\Windows\SYSTEM32\DBGHELP.DLL
0x00007ffa73d20000 - 0x00007ffa73d45000 	D:\pooja\M2\sts-4.17.2.RELEASE\plugins\org.eclipse.justj.openjdk.hotspot.jre.full.win32.x86_64_17.0.6.v20230125-1136\jre\bin\java.dll
0x00007ffa84860000 - 0x00007ffa84878000 	D:\pooja\M2\sts-4.17.2.RELEASE\plugins\org.eclipse.justj.openjdk.hotspot.jre.full.win32.x86_64_17.0.6.v20230125-1136\jre\bin\zip.dll
0x00007ffa8e980000 - 0x00007ffa8feaf000 	C:\Windows\system32\SHELL32.dll
0x00007ffa900e0000 - 0x00007ffa902f2000 	C:\Windows\SYSTEM32\combase.dll
0x00007ffa8feb0000 - 0x00007ffa8ff04000 	C:\Windows\system32\SHLWAPI.dll
0x00007ffa8bc60000 - 0x00007ffa8bd12000 	C:\Windows\SYSTEM32\SHCORE.dll
0x00007ffa8d9f0000 - 0x00007ffa8da05000 	C:\Windows\SYSTEM32\profapi.dll
0x00007ffa78270000 - 0x00007ffa78289000 	D:\pooja\M2\sts-4.17.2.RELEASE\plugins\org.eclipse.justj.openjdk.hotspot.jre.full.win32.x86_64_17.0.6.v20230125-1136\jre\bin\net.dll
0x00007ffa884c0000 - 0x00007ffa88589000 	C:\Windows\SYSTEM32\WINHTTP.dll
0x00007ffa8d300000 - 0x00007ffa8d359000 	C:\Windows\system32\mswsock.dll
0x00007ffa72f20000 - 0x00007ffa72f35000 	D:\pooja\M2\sts-4.17.2.RELEASE\plugins\org.eclipse.justj.openjdk.hotspot.jre.full.win32.x86_64_17.0.6.v20230125-1136\jre\bin\nio.dll
0x00007ffa73030000 - 0x00007ffa73040000 	D:\pooja\M2\sts-4.17.2.RELEASE\plugins\org.eclipse.justj.openjdk.hotspot.jre.full.win32.x86_64_17.0.6.v20230125-1136\jre\bin\verify.dll
0x00007ffa749d0000 - 0x00007ffa749d9000 	D:\pooja\M2\sts-4.17.2.RELEASE\plugins\org.eclipse.justj.openjdk.hotspot.jre.full.win32.x86_64_17.0.6.v20230125-1136\jre\bin\management.dll
0x00007ffa749c0000 - 0x00007ffa749cb000 	D:\pooja\M2\sts-4.17.2.RELEASE\plugins\org.eclipse.justj.openjdk.hotspot.jre.full.win32.x86_64_17.0.6.v20230125-1136\jre\bin\management_ext.dll
0x00007ffa8e6c0000 - 0x00007ffa8e6c7000 	C:\Windows\system32\PSAPI.DLL
0x00007ffa88b30000 - 0x00007ffa88b45000 	C:\Windows\system32\napinsp.dll
0x00007ffa8d860000 - 0x00007ffa8d86b000 	C:\Windows\SYSTEM32\CRYPTBASE.dll
0x00007ffa8d7f0000 - 0x00007ffa8d853000 	C:\Windows\SYSTEM32\bcryptPrimitives.dll
0x00007ffa8b180000 - 0x00007ffa8b19b000 	C:\Windows\system32\NLAapi.dll
0x00007ffa8cfe0000 - 0x00007ffa8d084000 	C:\Windows\SYSTEM32\DNSAPI.dll
0x00007ffa88b50000 - 0x00007ffa88b5d000 	C:\Windows\System32\winrnr.dll
0x00007ffa88bc0000 - 0x00007ffa88bca000 	C:\Windows\System32\rasadhlp.dll
0x00007ffa89b20000 - 0x00007ffa89b4a000 	C:\Windows\SYSTEM32\IPHLPAPI.DLL
0x00007ffa898c0000 - 0x00007ffa898ca000 	C:\Windows\SYSTEM32\WINNSI.DLL
0x00007ffa89790000 - 0x00007ffa897fb000 	C:\Windows\System32\fwpuclnt.dll
0x00007ffa8d3b0000 - 0x00007ffa8d3d0000 	C:\Windows\SYSTEM32\CRYPTSP.dll
0x00007ffa8cf00000 - 0x00007ffa8cf36000 	C:\Windows\system32\rsaenh.dll
0x00007ffa8d5b0000 - 0x00007ffa8d5d6000 	C:\Windows\SYSTEM32\bcrypt.dll
0x00007ffa8cfb0000 - 0x00007ffa8cfd1000 	C:\Windows\SYSTEM32\USERENV.dll
0x00007ffa89540000 - 0x00007ffa89556000 	C:\Windows\SYSTEM32\dhcpcsvc6.DLL
0x00007ffa89520000 - 0x00007ffa8953a000 	C:\Windows\SYSTEM32\dhcpcsvc.DLL
0x00007ffa72f50000 - 0x00007ffa72f5e000 	D:\pooja\M2\sts-4.17.2.RELEASE\plugins\org.eclipse.justj.openjdk.hotspot.jre.full.win32.x86_64_17.0.6.v20230125-1136\jre\bin\sunmscapi.dll
0x00007ffa8db70000 - 0x00007ffa8ddc7000 	C:\Windows\system32\CRYPT32.dll
0x00007ffa8d490000 - 0x00007ffa8d4b5000 	C:\Windows\SYSTEM32\ncrypt.dll
0x00007ffa8daa0000 - 0x00007ffa8dab1000 	C:\Windows\system32\MSASN1.dll
0x00007ffa8d450000 - 0x00007ffa8d487000 	C:\Windows\SYSTEM32\NTASN1.dll

dbghelp: loaded successfully - version: 4.0.5 - missing functions: none
symbol engine: initialized successfully - sym options: 0x614 - pdb path: .;D:\pooja\M2\sts-4.17.2.RELEASE\plugins\org.eclipse.justj.openjdk.hotspot.jre.full.win32.x86_64_17.0.6.v20230125-1136\jre\bin;C:\Windows\SYSTEM32;C:\Windows\WinSxS\amd64_microsoft.windows.common-controls_6595b64144ccf1df_6.0.9600.19394_none_62486577ecb635cf;D:\pooja\M2\sts-4.17.2.RELEASE\plugins\org.eclipse.justj.openjdk.hotspot.jre.full.win32.x86_64_17.0.6.v20230125-1136\jre\bin\server

VM Arguments:
jvm_args: -DServer.port=8088 -Dfile.encoding=UTF-8 -XX:+ShowCodeDetailsInExceptionMessages 
java_command: com.hmstatus.HmStatusApplication
java_class_path (initial): D:\pooja\M2\New folder\New folder\HmStatus\target\classes;C:\Users\poojad.ttl\.m2\repository\org\springframework\boot\spring-boot-starter-data-jpa\2.7.8\spring-boot-starter-data-jpa-2.7.8.jar;C:\Users\poojad.ttl\.m2\repository\org\springframework\boot\spring-boot-starter-aop\2.7.8\spring-boot-starter-aop-2.7.8.jar;C:\Users\poojad.ttl\.m2\repository\org\springframework\spring-aop\5.3.25\spring-aop-5.3.25.jar;C:\Users\poojad.ttl\.m2\repository\org\aspectj\aspectjweaver\1.9.7\aspectjweaver-1.9.7.jar;C:\Users\poojad.ttl\.m2\repository\org\springframework\boot\spring-boot-starter-jdbc\2.7.8\spring-boot-starter-jdbc-2.7.8.jar;C:\Users\poojad.ttl\.m2\repository\com\zaxxer\HikariCP\4.0.3\HikariCP-4.0.3.jar;C:\Users\poojad.ttl\.m2\repository\org\springframework\spring-jdbc\5.3.25\spring-jdbc-5.3.25.jar;C:\Users\poojad.ttl\.m2\repository\jakarta\transaction\jakarta.transaction-api\1.3.3\jakarta.transaction-api-1.3.3.jar;C:\Users\poojad.ttl\.m2\repository\jakarta\persistence\jakarta.persistence-api\2.2.3\jakarta.persistence-api-2.2.3.jar;C:\Users\poojad.ttl\.m2\repository\org\hibernate\hibernate-core\5.6.14.Final\hibernate-core-5.6.14.Final.jar;C:\Users\poojad.ttl\.m2\repository\org\jboss\logging\jboss-logging\3.4.3.Final\jboss-logging-3.4.3.Final.jar;C:\Users\poojad.ttl\.m2\repository\net\bytebuddy\byte-buddy\1.12.22\byte-buddy-1.12.22.jar;C:\Users\poojad.ttl\.m2\repository\antlr\antlr\2.7.7\antlr-2.7.7.jar;C:\Users\poojad.ttl\.m2\repository\org\jboss\jandex\2.4.2.Final\jandex-2.4.2.Final.jar;C:\Users\poojad.ttl\.m2\repository\com\fasterxml\classmate\1.5.1\classmate-1.5.1.jar;C:\Users\poojad.ttl\.m2\repository\org\hibernate\common\hibernate-commons-annotations\5.1.2.Final\hibernate-commons-annotations-5.1.2.Final.jar;C:\Users\poojad.ttl\.m2\repository\org\glassfish\jaxb\jaxb-runtime\2.3.7\jaxb-runtime-2.3.7.jar;C:\Users\poojad.ttl\.m2\repository\org\glassfish\jaxb\txw2\2.3.7\txw2-2.3.7.jar;C:\Users\poojad.ttl\.m2\repository\com\sun\istack\istack-c
Launcher Type: SUN_STANDARD

[Global flags]
     intx CICompilerCount                          = 3                                         {product} {ergonomic}
     uint ConcGCThreads                            = 2                                         {product} {ergonomic}
     uint G1ConcRefinementThreads                  = 6                                         {product} {ergonomic}
   size_t G1HeapRegionSize                         = 2097152                                   {product} {ergonomic}
    uintx GCDrainStackTargetSize                   = 64                                        {product} {ergonomic}
   size_t InitialHeapSize                          = 268435456                                 {product} {ergonomic}
   size_t MarkStackSize                            = 4194304                                   {product} {ergonomic}
   size_t MaxHeapSize                              = 4294967296                                {product} {ergonomic}
   size_t MaxNewSize                               = 2575302656                                {product} {ergonomic}
   size_t MinHeapDeltaBytes                        = 2097152                                   {product} {ergonomic}
   size_t MinHeapSize                              = 8388608                                   {product} {ergonomic}
    uintx NonNMethodCodeHeapSize                   = 5832780                                {pd product} {ergonomic}
    uintx NonProfiledCodeHeapSize                  = 122912730                              {pd product} {ergonomic}
    uintx ProfiledCodeHeapSize                     = 122912730                              {pd product} {ergonomic}
    uintx ReservedCodeCacheSize                    = 251658240                              {pd product} {ergonomic}
     bool SegmentedCodeCache                       = true                                      {product} {ergonomic}
     bool ShowCodeDetailsInExceptionMessages       = true                                   {manageable} {command line}
   size_t SoftMaxHeapSize                          = 4294967296                             {manageable} {ergonomic}
     bool UseCompressedClassPointers               = true                           {product lp64_product} {ergonomic}
     bool UseCompressedOops                        = true                           {product lp64_product} {ergonomic}
     bool UseG1GC                                  = true                                      {product} {ergonomic}
     bool UseLargePagesIndividualAllocation        = false                                  {pd product} {ergonomic}

Logging:
Log output configuration:
 #0: stdout all=warning uptime,level,tags
 #1: stderr all=off uptime,level,tags

Environment Variables:
PATH=D:/pooja/M2/sts-4.17.2.RELEASE//plugins/org.eclipse.justj.openjdk.hotspot.jre.full.win32.x86_64_17.0.6.v20230125-1136/jre/bin/server;D:/pooja/M2/sts-4.17.2.RELEASE//plugins/org.eclipse.justj.openjdk.hotspot.jre.full.win32.x86_64_17.0.6.v20230125-1136/jre/bin;C:\Program Files\Common Files\Oracle\Java\javapath;C:\Program Files (x86)\Common Files\Oracle\Java\javapath;C:\Program Files\EMC NetWorker\nsr\bin;C:\Windows\system32;C:\Windows;C:\Windows\System32\Wbem;C:\Windows\System32\WindowsPowerShell\v1.0\;C:\Program Files\AzureConnectedMachineAgent\;D:\pooja\M2\sts-4.17.2.RELEASE;
USERNAME=POOJAD.TTL
OS=Windows_NT
PROCESSOR_IDENTIFIER=Intel64 Family 6 Model 61 Stepping 2, GenuineIntel
TMP=C:\Users\poojad.ttl\AppData\Local\Temp\66
TEMP=C:\Users\poojad.ttl\AppData\Local\Temp\66



---------------  S Y S T E M  ---------------

OS:
 Windows Server 2012 R2 , 64 bit Build 9600 (6.3.9600.20876)
OS uptime: 2 days 12:08 hours
KVM virtualization detected

CPU: total 6 (initial active 6) (1 cores per cpu, 1 threads per core) family 6 model 61 stepping 2 microcode 0x1, cx8, cmov, fxsr, mmx, 3dnowpref, sse, sse2, sse3, ssse3, sse4.1, sse4.2, popcnt, lzcnt, tsc, avx, avx2, aes, erms, clmul, bmi1, bmi2, rtm, adx, fma, vzeroupper, clflush, hv

Memory: 4k page, system-wide physical 16383M (1583M free)
TotalPageFile size 18431M (AvailPageFile size 19M)
current process WorkingSet (physical memory assigned to process): 250M, peak: 279M
current process commit charge ("private bytes"): 297M, peak: 369M

vm_info: OpenJDK 64-Bit Server VM (17.0.6+10) for windows-amd64 JRE (17.0.6+10), built on Jan 18 2023 10:08:59 by "temurin" with MS VC++ 16.7 (VS2019)

END.
